2021-06-10 23:07:22,983 INFO c.o.d.ProductSeeder [main] Start insert products
2021-06-10 23:07:23,462 INFO c.o.d.ProductSeeder [main] End insert products
2021-06-10 23:07:23,462 INFO c.o.d.ProductSeeder [main] Start insert shop_product
2021-06-10 23:07:26,218 INFO c.o.d.ProductSeeder [main] End insert shop_product
2021-06-10 23:07:40,376 INFO c.o.d.ProductSeeder [main] Start insert products
2021-06-10 23:07:40,860 INFO c.o.d.ProductSeeder [main] End insert products
2021-06-10 23:07:40,860 INFO c.o.d.ProductSeeder [main] Start insert shop_product
2021-06-10 23:07:46,716 INFO c.o.d.ProductSeeder [main] End insert shop_product
2021-06-10 23:08:54,493 INFO c.o.d.ProductSeeder [main] Start insert products
2021-06-10 23:08:54,941 INFO c.o.d.ProductSeeder [main] End insert products
2021-06-10 23:08:54,942 INFO c.o.d.ProductSeeder [main] Start insert shop_product
2021-06-10 23:09:02,661 INFO c.o.d.ProductSeeder [main] End insert shop_product
2021-06-10 23:09:02,665 INFO c.o.Main [main] Time - 0 minutes
2021-06-10 23:11:34,246 INFO c.o.d.ProductSeeder [main] Start insert products
2021-06-10 23:11:34,694 INFO c.o.d.ProductSeeder [main] End insert products
2021-06-10 23:11:34,695 INFO c.o.d.ProductSeeder [main] Start insert shop_product
2021-06-10 23:11:37,279 INFO c.o.d.ProductSeeder [main] End insert shop_product
2021-06-10 23:11:37,285 INFO c.o.Main [main] Time - 0 minutes
2021-06-10 23:26:33,629 INFO c.o.Main [main] 192
2021-06-10 23:27:21,158 INFO c.o.Main [main] 1
2021-06-10 23:28:02,569 INFO c.o.Main [main] Popova 8
2021-06-10 23:28:11,068 INFO c.o.Main [main] 192
2021-06-10 23:28:21,099 INFO c.o.Main [main] Popova 8
2021-06-10 23:28:46,881 INFO c.o.Main [main] Popova 8-192
2021-06-10 23:29:09,829 INFO c.o.Main [main] Popova 8 - 192
